#
# There is insufficient memory for the Java Runtime Environment to continue.
# Native memory allocation (malloc) failed to allocate 1404176 bytes for Chunk::new
# Possible reasons:
#   The system is out of physical RAM or swap space
#   The process is running with CompressedOops enabled, and the Java Heap may be blocking the growth of the native heap
# Possible solutions:
#   Reduce memory load on the system
#   Increase physical memory or swap space
#   Check if swap backing store is full
#   Decrease Java heap size (-Xmx/-Xms)
#   Decrease number of Java threads
#   Decrease Java thread stack sizes (-Xss)
#   Set larger code cache with -XX:ReservedCodeCacheSize=
#   JVM is running with Unscaled Compressed Oops mode in which the Java heap is
#     placed in the first 4GB address space. The Java Heap base address is the
#     maximum limit for the native heap growth. Please use -XX:HeapBaseMinAddress
#     to set the Java Heap base and to place the Java Heap above 4GB virtual address.
# This output file may be truncated or incomplete.
#
#  Out of Memory Error (allocation.cpp:390), pid=4852, tid=0x0000000000003138
#
# JRE version: Java(TM) SE Runtime Environment (8.0_201-b09) (build 1.8.0_201-b09)
# Java VM: Java HotSpot(TM) 64-Bit Server VM (25.201-b09 mixed mode windows-amd64 compressed oops)
# Failed to write core dump. Minidumps are not enabled by default on client versions of Windows
#

---------------  T H R E A D  ---------------

Current thread (0x00000000089b3800):  JavaThread "C2 CompilerThread1" daemon [_thread_in_native, id=12600, stack(0x00000000090b0000,0x00000000091b0000)]

Stack: [0x00000000090b0000,0x00000000091b0000]
[error occurred during error reporting (printing stack bounds), id 0xc0000005]

Native frames: (J=compiled Java code, j=interpreted, Vv=VM code, C=native code)


Current CompileTask:
C2: 115905 14849       4       java.lang.Class::privateGetMethodRecursive (130 bytes)


---------------  P R O C E S S  ---------------

Java Threads: ( => current thread )
  0x0000000008aa8000 JavaThread "ForkJoinPool.commonPool-worker-3" daemon [_thread_in_native, id=17844, stack(0x0000000023e90000,0x0000000023f90000)]
  0x000000001e7e9800 JavaThread "Cache worker for Java compile cache (E:\BHPlanet(1)\BHPlanet\.gradle\4.10.1\javaCompile)" [_thread_blocked, id=12452, stack(0x0000000023a10000,0x0000000023b10000)]
  0x000000001e7e8800 JavaThread "Cache worker for Java compile cache (C:\Users\yy\.gradle\caches\4.10.1\javaCompile)" [_thread_blocked, id=5464, stack(0x0000000024990000,0x0000000024a90000)]
  0x000000001e7e8000 JavaThread "stdout" [_thread_in_native, id=8736, stack(0x0000000023c90000,0x0000000023d90000)]
  0x000000001e7e7000 JavaThread "stderr" [_thread_in_native, id=12396, stack(0x0000000024790000,0x0000000024890000)]
  0x0000000008c97800 JavaThread "Cache worker for Build Output Cleanup Cache (E:\BHPlanet(1)\BHPlanet\.gradle\buildOutputCleanup)" [_thread_blocked, id=11360, stack(0x0000000023f90000,0x0000000024090000)]
  0x0000000008c96800 JavaThread "Cache worker for task history cache (E:\BHPlanet(1)\BHPlanet\.gradle\4.10.1\taskHistory)" [_thread_blocked, id=5696, stack(0x0000000023d90000,0x0000000023e90000)]
  0x0000000008c93800 JavaThread "Cache worker for file content cache (E:\BHPlanet(1)\BHPlanet\.gradle\4.10.1\fileContent)" [_thread_blocked, id=15368, stack(0x0000000022210000,0x0000000022310000)]
  0x0000000008c93000 JavaThread "Cache worker for file content cache (C:\Users\yy\.gradle\caches\4.10.1\fileContent)" [_thread_blocked, id=2780, stack(0x0000000022390000,0x0000000022490000)]
  0x0000000008c92000 JavaThread "Memory manager" [_thread_blocked, id=3708, stack(0x00000000220f0000,0x00000000221f0000)]
  0x0000000008c91800 JavaThread "Build operations Thread 4" [_thread_blocked, id=15856, stack(0x0000000020b00000,0x0000000020c00000)]
  0x0000000008c90800 JavaThread "Build operations Thread 3" [_thread_blocked, id=2828, stack(0x000000001f890000,0x000000001f990000)]
  0x0000000008c90000 JavaThread "Build operations Thread 2" [_thread_blocked, id=10184, stack(0x000000001f9d0000,0x000000001fad0000)]
  0x0000000008c8f000 JavaThread "Build operations" [_thread_blocked, id=17928, stack(0x000000001f200000,0x000000001f300000)]
  0x0000000008c8e800 JavaThread "Cache worker for Artifact transforms cache (C:\Users\yy\.gradle\caches\transforms-1)" [_thread_blocked, id=5760, stack(0x000000001f390000,0x000000001f490000)]
  0x0000000008c8d800 JavaThread "Cache worker for cache directory md-rule (C:\Users\yy\.gradle\caches\4.10.1\md-rule)" [_thread_blocked, id=13424, stack(0x000000000d2b0000,0x000000000d3b0000)]
  0x0000000008c8d000 JavaThread "Cache worker for cache directory md-supplier (C:\Users\yy\.gradle\caches\4.10.1\md-supplier)" [_thread_blocked, id=9812, stack(0x00000000091b0000,0x00000000092b0000)]
  0x0000000008c8b800 JavaThread "Cache worker for journal cache (C:\Users\yy\.gradle\caches\journal-1)" [_thread_blocked, id=13380, stack(0x000000000e900000,0x000000000ea00000)]
  0x0000000008c8a800 JavaThread "Cache worker for file hash cache (E:\BHPlanet(1)\BHPlanet\.gradle\4.10.1\fileHashes)" [_thread_blocked, id=15976, stack(0x000000000e510000,0x000000000e610000)]
  0x0000000008c8a000 JavaThread "File lock request listener" [_thread_in_native, id=15704, stack(0x000000000d430000,0x000000000d530000)]
  0x0000000008c89000 JavaThread "Cache worker for file hash cache (C:\Users\yy\.gradle\caches\4.10.1\fileHashes)" [_thread_blocked, id=12036, stack(0x000000000bdd0000,0x000000000bed0000)]
  0x0000000009c26800 JavaThread "Asynchronous log dispatcher for DefaultDaemonConnection: socket connection from /127.0.0.1:8933 to /127.0.0.1:8934" [_thread_blocked, id=4584, stack(0x000000000bcd0000,0x000000000bdd0000)]
  0x000000000a8d7800 JavaThread "Daemon worker" [_thread_in_native, id=13140, stack(0x000000000bb70000,0x000000000bc70000)]
  0x000000000a8d7000 JavaThread "Cancel handler" [_thread_blocked, id=1556, stack(0x0000000008320000,0x0000000008420000)]
  0x000000000a864800 JavaThread "Handler for socket connection from /127.0.0.1:8933 to /127.0.0.1:8934" [_thread_in_native, id=5036, stack(0x000000000b810000,0x000000000b910000)]
  0x000000000a85e000 JavaThread "Daemon" [_thread_blocked, id=16324, stack(0x000000000b6e0000,0x000000000b7e0000)]
  0x000000000a97d000 JavaThread "Daemon periodic checks" [_thread_blocked, id=8048, stack(0x000000000b2b0000,0x000000000b3b0000)]
  0x000000000a96d800 JavaThread "Incoming local TCP Connector on port 8933" [_thread_in_native, id=12744, stack(0x000000000b580000,0x000000000b680000)]
  0x000000000a4cd800 JavaThread "Daemon health stats" [_thread_blocked, id=10456, stack(0x000000000aea0000,0x000000000afa0000)]
  0x0000000008a02000 JavaThread "Service Thread" daemon [_thread_blocked, id=11912, stack(0x0000000009570000,0x0000000009670000)]
  0x00000000089b4800 JavaThread "C1 CompilerThread2" daemon [_thread_blocked, id=12524, stack(0x00000000092b0000,0x00000000093b0000)]
=>0x00000000089b3800 JavaThread "C2 CompilerThread1" daemon [_thread_in_native, id=12600, stack(0x00000000090b0000,0x00000000091b0000)]
  0x000000000743f800 JavaThread "C2 CompilerThread0" daemon [_thread_blocked, id=15400, stack(0x0000000008f20000,0x0000000009020000)]
  0x0000000008998800 JavaThread "Attach Listener" daemon [_thread_blocked, id=15600, stack(0x0000000008db0000,0x0000000008eb0000)]
  0x000000000742d000 JavaThread "Signal Dispatcher" daemon [_thread_blocked, id=2964, stack(0x0000000008780000,0x0000000008880000)]
  0x000000000741a800 JavaThread "Finalizer" daemon [_thread_blocked, id=11368, stack(0x0000000008890000,0x0000000008990000)]
  0x0000000007413800 JavaThread "Reference Handler" daemon [_thread_blocked, id=12872, stack(0x0000000008620000,0x0000000008720000)]
  0x000000000243f000 JavaThread "main" [_thread_blocked, id=17560, stack(0x0000000002850000,0x0000000002950000)]

Other Threads:
  0x00000000073cb800 VMThread [stack: 0x0000000008430000,0x0000000008530000] [id=9748]
  0x0000000008a47000 WatcherThread [stack: 0x0000000009440000,0x0000000009540000] [id=1568]

VM state:not at safepoint (normal execution)

VM Mutex/Monitor currently owned by a thread: None

heap address: 0x00000000a0000000, size: 1536 MB, Compressed Oops mode: 32-bit
Narrow klass base: 0x0000000000000000, Narrow klass shift: 3
Compressed class space size: 1073741824 Address: 0x000000013f980000

Heap:
 PSYoungGen      total 221696K, used 192522K [0x00000000e0000000, 0x00000000ef380000, 0x0000000100000000)
  eden space 195072K, 96% used [0x00000000e0000000,0x00000000eb769f40,0x00000000ebe80000)
  from space 26624K, 17% used [0x00000000ed980000,0x00000000ede189b8,0x00000000ef380000)
  to   space 27136K, 0% used [0x00000000ebe80000,0x00000000ebe80000,0x00000000ed900000)
 ParOldGen       total 125952K, used 75966K [0x00000000a0000000, 0x00000000a7b00000, 0x00000000e0000000)
  object space 125952K, 60% used [0x00000000a0000000,0x00000000a4a2fb80,0x00000000a7b00000)
 Metaspace       used 80812K, capacity 83726K, committed 83928K, reserved 1122304K
  class space    used 10865K, capacity 11470K, committed 11520K, reserved 1048576K

Card table byte_map: [0x0000000002d10000,0x0000000003020000] byte_map_base: 0x0000000002810000

Marking Bits: (ParMarkBitMap*) 0x0000000077f74ce0
 Begin Bits: [0x0000000003740000, 0x0000000004f40000)
 End Bits:   [0x0000000004f40000, 0x0000000006740000)

Polling page: 0x0000000000240000

CodeCache: size=245760Kb used=38202Kb max_used=39284Kb free=207557Kb
 bounds [0x000000000f010000, 0x00000000116c0000, 0x000000001e010000]
 total_blobs=12761 nmethods=11909 adapters=762
 compilation: enabled

Compilation events (10 events):
Event: 115.752 Thread 0x000000000743f800 14994       4       java.io.ObjectOutputStream::writeString (74 bytes)
Event: 115.753 Thread 0x00000000089b4800 14992       3       org.gradle.internal.serialize.ExceptionReplacingObjectOutputStream::doReplaceObject (25 bytes)
Event: 115.753 Thread 0x00000000089b4800 nmethod 14992 0x000000001042ec10 code [0x000000001042edc0, 0x000000001042f378]
Event: 115.753 Thread 0x00000000089b4800 14984       3       sun.reflect.ClassFileAssembler::opc_aload_1 (24 bytes)
Event: 115.754 Thread 0x00000000089b4800 nmethod 14984 0x00000000101ade10 code [0x00000000101adfa0, 0x00000000101ae348]
Event: 115.766 Thread 0x00000000089b4800 14995       3       java.io.ObjectStreamField::compareTo (40 bytes)
Event: 115.767 Thread 0x00000000089b4800 nmethod 14995 0x000000000ffca4d0 code [0x000000000ffca6c0, 0x000000000ffcb0e8]
Event: 115.813 Thread 0x000000000743f800 nmethod 14994 0x00000000115edb10 code [0x00000000115edce0, 0x00000000115eed68]
Event: 115.815 Thread 0x000000000743f800 14996       4       java.io.ObjectStreamField::getTypeCode (9 bytes)
Event: 115.816 Thread 0x000000000743f800 nmethod 14996 0x000000001162d550 code [0x000000001162d6a0, 0x000000001162d758]

GC Heap History (10 events):
Event: 111.262 GC heap before
{Heap before GC invocations=32 (full 4):
 PSYoungGen      total 164352K, used 139864K [0x00000000e0000000, 0x00000000ecc00000, 0x0000000100000000)
  eden space 132608K, 99% used [0x00000000e0000000,0x00000000e81518b0,0x00000000e8180000)
  from space 31744K, 23% used [0x00000000e8180000,0x00000000e88c49c8,0x00000000ea080000)
  to   space 30720K, 0% used [0x00000000eae00000,0x00000000eae00000,0x00000000ecc00000)
 ParOldGen       total 125952K, used 69631K [0x00000000a0000000, 0x00000000a7b00000, 0x00000000e0000000)
  object space 125952K, 55% used [0x00000000a0000000,0x00000000a43fff28,0x00000000a7b00000)
 Metaspace       used 77912K, capacity 80478K, committed 80600K, reserved 1118208K
  class space    used 10385K, capacity 10954K, committed 11008K, reserved 1048576K
Event: 111.282 GC heap after
Heap after GC invocations=32 (full 4):
 PSYoungGen      total 171008K, used 7746K [0x00000000e0000000, 0x00000000ec780000, 0x0000000100000000)
  eden space 144896K, 0% used [0x00000000e0000000,0x00000000e0000000,0x00000000e8d80000)
  from space 26112K, 29% used [0x00000000eae00000,0x00000000eb590870,0x00000000ec780000)
  to   space 29696K, 0% used [0x00000000e8d80000,0x00000000e8d80000,0x00000000eaa80000)
 ParOldGen       total 125952K, used 69639K [0x00000000a0000000, 0x00000000a7b00000, 0x00000000e0000000)
  object space 125952K, 55% used [0x00000000a0000000,0x00000000a4401f28,0x00000000a7b00000)
 Metaspace       used 77912K, capacity 80478K, committed 80600K, reserved 1118208K
  class space    used 10385K, capacity 10954K, committed 11008K, reserved 1048576K
}
Event: 113.541 GC heap before
{Heap before GC invocations=33 (full 4):
 PSYoungGen      total 171008K, used 151739K [0x00000000e0000000, 0x00000000ec780000, 0x0000000100000000)
  eden space 144896K, 99% used [0x00000000e0000000,0x00000000e8c9e4d8,0x00000000e8d80000)
  from space 26112K, 29% used [0x00000000eae00000,0x00000000eb590870,0x00000000ec780000)
  to   space 29696K, 0% used [0x00000000e8d80000,0x00000000e8d80000,0x00000000eaa80000)
 ParOldGen       total 125952K, used 69639K [0x00000000a0000000, 0x00000000a7b00000, 0x00000000e0000000)
  object space 125952K, 55% used [0x00000000a0000000,0x00000000a4401f28,0x00000000a7b00000)
 Metaspace       used 78759K, capacity 81370K, committed 81496K, reserved 1120256K
  class space    used 10504K, capacity 11072K, committed 11136K, reserved 1048576K
Event: 113.573 GC heap after
Heap after GC invocations=33 (full 4):
 PSYoungGen      total 174592K, used 17237K [0x00000000e0000000, 0x00000000ed480000, 0x0000000100000000)
  eden space 144896K, 0% used [0x00000000e0000000,0x00000000e0000000,0x00000000e8d80000)
  from space 29696K, 58% used [0x00000000e8d80000,0x00000000e9e55780,0x00000000eaa80000)
  to   space 30208K, 0% used [0x00000000eb700000,0x00000000eb700000,0x00000000ed480000)
 ParOldGen       total 125952K, used 69647K [0x00000000a0000000, 0x00000000a7b00000, 0x00000000e0000000)
  object space 125952K, 55% used [0x00000000a0000000,0x00000000a4403f28,0x00000000a7b00000)
 Metaspace       used 78759K, capacity 81370K, committed 81496K, reserved 1120256K
  class space    used 10504K, capacity 11072K, committed 11136K, reserved 1048576K
}
Event: 113.618 GC heap before
{Heap before GC invocations=34 (full 4):
 PSYoungGen      total 174592K, used 161404K [0x00000000e0000000, 0x00000000ed480000, 0x0000000100000000)
  eden space 144896K, 99% used [0x00000000e0000000,0x00000000e8cc9a88,0x00000000e8d80000)
  from space 29696K, 58% used [0x00000000e8d80000,0x00000000e9e55780,0x00000000eaa80000)
  to   space 30208K, 0% used [0x00000000eb700000,0x00000000eb700000,0x00000000ed480000)
 ParOldGen       total 125952K, used 69647K [0x00000000a0000000, 0x00000000a7b00000, 0x00000000e0000000)
  object space 125952K, 55% used [0x00000000a0000000,0x00000000a4403f28,0x00000000a7b00000)
 Metaspace       used 78763K, capacity 81370K, committed 81496K, reserved 1120256K
  class space    used 10504K, capacity 11072K, committed 11136K, reserved 1048576K
Event: 113.648 GC heap after
Heap after GC invocations=34 (full 4):
 PSYoungGen      total 188928K, used 12748K [0x00000000e0000000, 0x00000000ee200000, 0x0000000100000000)
  eden space 158720K, 0% used [0x00000000e0000000,0x00000000e0000000,0x00000000e9b00000)
  from space 30208K, 42% used [0x00000000eb700000,0x00000000ec373200,0x00000000ed480000)
  to   space 28672K, 0% used [0x00000000e9b00000,0x00000000e9b00000,0x00000000eb700000)
 ParOldGen       total 125952K, used 69655K [0x00000000a0000000, 0x00000000a7b00000, 0x00000000e0000000)
  object space 125952K, 55% used [0x00000000a0000000,0x00000000a4405f28,0x00000000a7b00000)
 Metaspace       used 78763K, capacity 81370K, committed 81496K, reserved 1120256K
  class space    used 10504K, capacity 11072K, committed 11136K, reserved 1048576K
}
Event: 113.688 GC heap before
{Heap before GC invocations=35 (full 4):
 PSYoungGen      total 188928K, used 170808K [0x00000000e0000000, 0x00000000ee200000, 0x0000000100000000)
  eden space 158720K, 99% used [0x00000000e0000000,0x00000000e9a5ae60,0x00000000e9b00000)
  from space 30208K, 42% used [0x00000000eb700000,0x00000000ec373200,0x00000000ed480000)
  to   space 28672K, 0% used [0x00000000e9b00000,0x00000000e9b00000,0x00000000eb700000)
 ParOldGen       total 125952K, used 69655K [0x00000000a0000000, 0x00000000a7b00000, 0x00000000e0000000)
  object space 125952K, 55% used [0x00000000a0000000,0x00000000a4405f28,0x00000000a7b00000)
 Metaspace       used 78769K, capacity 81370K, committed 81496K, reserved 1120256K
  class space    used 10504K, capacity 11072K, committed 11136K, reserved 1048576K
Event: 113.712 GC heap after
Heap after GC invocations=35 (full 4):
 PSYoungGen      total 187392K, used 6662K [0x00000000e0000000, 0x00000000ef480000, 0x0000000100000000)
  eden space 158720K, 0% used [0x00000000e0000000,0x00000000e0000000,0x00000000e9b00000)
  from space 28672K, 23% used [0x00000000e9b00000,0x00000000ea181800,0x00000000eb700000)
  to   space 27648K, 0% used [0x00000000ed980000,0x00000000ed980000,0x00000000ef480000)
 ParOldGen       total 125952K, used 75270K [0x00000000a0000000, 0x00000000a7b00000, 0x00000000e0000000)
  object space 125952K, 59% used [0x00000000a0000000,0x00000000a4981b80,0x00000000a7b00000)
 Metaspace       used 78769K, capacity 81370K, committed 81496K, reserved 1120256K
  class space    used 10504K, capacity 11072K, committed 11136K, reserved 1048576K
}
Event: 113.757 GC heap before
{Heap before GC invocations=36 (full 4):
 PSYoungGen      total 187392K, used 164980K [0x00000000e0000000, 0x00000000ef480000, 0x0000000100000000)
  eden space 158720K, 99% used [0x00000000e0000000,0x00000000e9a9bbb0,0x00000000e9b00000)
  from space 28672K, 23% used [0x00000000e9b00000,0x00000000ea181800,0x00000000eb700000)
  to   space 27648K, 0% used [0x00000000ed980000,0x00000000ed980000,0x00000000ef480000)
 ParOldGen       total 125952K, used 75270K [0x00000000a0000000, 0x00000000a7b00000, 0x00000000e0000000)
  object space 125952K, 59% used [0x00000000a0000000,0x00000000a4981b80,0x00000000a7b00000)
 Metaspace       used 78773K, capacity 81370K, committed 81496K, reserved 1120256K
  class space    used 10504K, capacity 11072K, committed 11136K, reserved 1048576K
Event: 113.768 GC heap after
Heap after GC invocations=36 (full 4):
 PSYoungGen      total 221696K, used 4706K [0x00000000e0000000, 0x00000000ef380000, 0x0000000100000000)
  eden space 195072K, 0% used [0x00000000e0000000,0x00000000e0000000,0x00000000ebe80000)
  from space 26624K, 17% used [0x00000000ed980000,0x00000000ede189b8,0x00000000ef380000)
  to   space 27136K, 0% used [0x00000000ebe80000,0x00000000ebe80000,0x00000000ed900000)
 ParOldGen       total 125952K, used 75966K [0x00000000a0000000, 0x00000000a7b00000, 0x00000000e0000000)
  object space 125952K, 60% used [0x00000000a0000000,0x00000000a4a2fb80,0x00000000a7b00000)
 Metaspace       used 78773K, capacity 81370K, committed 81496K, reserved 1120256K
  class space    used 10504K, capacity 11072K, committed 11136K, reserved 1048576K
}

Deoptimization events (10 events):
Event: 114.287 Thread 0x000000000a8d7800 Uncommon trap: reason=class_check action=maybe_recompile pc=0x000000000f446f88 method=org.gradle.internal.logging.text.AbstractLineChoppingStyledTextOutput$StateContext.flushLineText()V @ 110
Event: 114.516 Thread 0x000000000a8d7800 Uncommon trap: reason=unstable_if action=reinterpret pc=0x000000000fd72774 method=java.util.ArrayList.remove(Ljava/lang/Object;)Z @ 46
Event: 115.300 Thread 0x000000000a8d7800 Uncommon trap: reason=unstable_if action=reinterpret pc=0x0000000010e93748 method=org.objectweb.asm.Type.getType(Ljava/lang/Class;)Lorg/objectweb/asm/Type; @ 33
Event: 115.709 Thread 0x000000000a8d7800 Uncommon trap: reason=class_check action=maybe_recompile pc=0x0000000011663dec method=java.io.ObjectOutputStream.writeNonProxyDesc(Ljava/io/ObjectStreamClass;Z)V @ 44
Event: 115.710 Thread 0x000000000a8d7800 Uncommon trap: reason=unstable_if action=reinterpret pc=0x00000000101b700c method=java.io.ObjectOutputStream.isCustomSubclass()Z @ 12
Event: 115.710 Thread 0x000000000a8d7800 Uncommon trap: reason=class_check action=maybe_recompile pc=0x0000000011663dec method=java.io.ObjectOutputStream.writeNonProxyDesc(Ljava/io/ObjectStreamClass;Z)V @ 44
Event: 115.711 Thread 0x000000000a8d7800 Uncommon trap: reason=class_check action=maybe_recompile pc=0x0000000011663dec method=java.io.ObjectOutputStream.writeNonProxyDesc(Ljava/io/ObjectStreamClass;Z)V @ 44
Event: 115.713 Thread 0x000000000a8d7800 Uncommon trap: reason=unstable_if action=reinterpret pc=0x0000000011664cdc method=java.io.ObjectOutputStream.writeClassDesc(Ljava/io/ObjectStreamClass;Z)V @ 41
Event: 115.713 Thread 0x000000000a8d7800 Uncommon trap: reason=unstable_if action=reinterpret pc=0x000000000fac601c method=java.lang.reflect.Proxy.isProxyClass(Ljava/lang/Class;)Z @ 6
Event: 115.816 Thread 0x000000001e7e8000 Uncommon trap: reason=unstable_if action=reinterpret pc=0x000000000fea011c method=java.io.BufferedReader.readLine(Z)Ljava/lang/String; @ 192

Classes redefined (0 events):
No events

Internal exceptions (10 events):
Event: 109.229 Thread 0x0000000008c96000 Exception <a 'sun/nio/fs/WindowsException'> (0x00000000e2ce96a8) thrown at [C:\re\workspace\8-2-build-windows-amd64-cygwin\jdk8u201\12322\hotspot\src\share\vm\prims\jni.cpp, line 709]
Event: 110.791 Thread 0x0000000008c96000 Implicit null exception at 0x00000000115d37aa to 0x00000000115d37f9
Event: 110.791 Thread 0x0000000008c96000 Implicit null exception at 0x0000000010d682f0 to 0x0000000010d68300
Event: 111.950 Thread 0x0000000008c96000 Exception <a 'sun/nio/fs/WindowsException'> (0x00000000e0d6c630) thrown at [C:\re\workspace\8-2-build-windows-amd64-cygwin\jdk8u201\12322\hotspot\src\share\vm\prims\jni.cpp, line 709]
Event: 111.950 Thread 0x0000000008c96000 Exception <a 'sun/nio/fs/WindowsException'> (0x00000000e0d6d288) thrown at [C:\re\workspace\8-2-build-windows-amd64-cygwin\jdk8u201\12322\hotspot\src\share\vm\prims\jni.cpp, line 709]
Event: 112.339 Thread 0x0000000008c96000 Exception <a 'java/lang/ClassNotFoundException': org/gradle/api/plugins/JavaPluginConventionBeanInfo> (0x00000000e15a3b28) thrown at [C:\re\workspace\8-2-build-windows-amd64-cygwin\jdk8u201\12322\hotspot\src\share\vm\classfile\systemDictionary.cpp, line 2
Event: 112.345 Thread 0x0000000008c96000 Exception <a 'java/lang/ClassNotFoundException': org/gradle/api/plugins/JavaPluginConventionCustomizer> (0x00000000e15e4558) thrown at [C:\re\workspace\8-2-build-windows-amd64-cygwin\jdk8u201\12322\hotspot\src\share\vm\classfile\systemDictionary.cpp, line
Event: 112.459 Thread 0x0000000008c96000 Exception <a 'java/lang/NoSuchMethodError': java.lang.Object.lambda$comparing$ea9a8b3a$1(Ljava/util/Comparator;Ljava/util/function/Function;Ljava/lang/Object;Ljava/lang/Object;)I> (0x00000000e1788490) thrown at [C:\re\workspace\8-2-build-windows-amd64-cyg
Event: 113.442 Thread 0x0000000008c96000 Implicit null exception at 0x000000001162e007 to 0x000000001162e119
Event: 114.145 Thread 0x0000000008c96000 Exception <a 'java/io/FileNotFoundException'> (0x00000000e93cb438) thrown at [C:\re\workspace\8-2-build-windows-amd64-cygwin\jdk8u201\12322\hotspot\src\share\vm\prims\jni.cpp, line 709]

Events (10 events):
Event: 115.826 loading class com/android/dx/rop/type/Prototype
Event: 115.826 loading class com/android/dx/rop/type/Prototype done
Event: 115.829 loading class com/android/dx/rop/code/RegisterSpec
Event: 115.829 loading class com/android/dx/rop/code/RegisterSpec done
Event: 115.831 loading class com/android/dx/rop/type/TypeBearer
Event: 115.831 loading class com/android/dx/rop/type/TypeBearer done
Event: 115.831 loading class com/android/dx/util/ToHuman
Event: 115.831 loading class com/android/dx/util/ToHuman done
Event: 115.832 loading class com/android/dx/rop/code/RegisterSpec$1
Event: 115.832 loading class com/android/dx/rop/code/RegisterSpec$1 done


Dynamic libraries:
0x000000013f940000 - 0x000000013f977000 	C:\Program Files\Java\jdk1.8.0_201\bin\java.exe
0x0000000077260000 - 0x00000000773ff000 	C:\windows\SYSTEM32\ntdll.dll
0x0000000077040000 - 0x000000007715f000 	C:\windows\system32\kernel32.dll
0x000007fefd450000 - 0x000007fefd4ba000 	C:\windows\system32\KERNELBASE.dll
0x000007fefd700000 - 0x000007fefd7db000 	C:\windows\system32\ADVAPI32.dll
0x000007fefe690000 - 0x000007fefe72f000 	C:\windows\system32\msvcrt.dll
0x000007fefe860000 - 0x000007fefe87f000 	C:\windows\SYSTEM32\sechost.dll
0x000007fefd560000 - 0x000007fefd68d000 	C:\windows\system32\RPCRT4.dll
0x0000000077160000 - 0x000000007725a000 	C:\windows\system32\USER32.dll
0x000007fefd690000 - 0x000007fefd6f7000 	C:\windows\system32\GDI32.dll
0x000007fefe730000 - 0x000007fefe73e000 	C:\windows\system32\LPK.dll
0x000007fefed70000 - 0x000007fefee3b000 	C:\windows\system32\USP10.dll
0x000007fefbb50000 - 0x000007fefbd44000 	C:\windows\WinSxS\amd64_microsoft.windows.common-controls_6595b64144ccf1df_6.0.7601.18837_none_fa3b1e3d17594757\COMCTL32.dll
0x000007fefe7e0000 - 0x000007fefe851000 	C:\windows\system32\SHLWAPI.dll
0x000007fefebb0000 - 0x000007fefebde000 	C:\windows\system32\IMM32.DLL
0x000007fefebe0000 - 0x000007fefece9000 	C:\windows\system32\MSCTF.dll
0x000007fefd110000 - 0x000007fefd141000 	C:\windows\system32\nvinitx.dll
0x000007fefd100000 - 0x000007fefd10c000 	C:\windows\system32\VERSION.dll
0x000000000f000000 - 0x000000000f006000 	C:\Program Files\NVIDIA Corporation\CoProcManager\detoured.dll
0x000007fefa8a0000 - 0x000007fefa8d1000 	C:\Program Files\NVIDIA Corporation\CoProcManager\nvd3d9wrapx.dll
0x000007fefee40000 - 0x000007feff017000 	C:\windows\system32\SETUPAPI.dll
0x000007fefd370000 - 0x000007fefd3a6000 	C:\windows\system32\CFGMGR32.dll
0x000007feff020000 - 0x000007feff0fa000 	C:\windows\system32\OLEAUT32.dll
0x000007fefe880000 - 0x000007fefea7d000 	C:\windows\system32\ole32.dll
0x000007fefd430000 - 0x000007fefd44a000 	C:\windows\system32\DEVOBJ.dll
0x000007fefa870000 - 0x000007fefa892000 	C:\Program Files\NVIDIA Corporation\CoProcManager\nvdxgiwrapx.dll
0x0000000053090000 - 0x0000000053161000 	C:\Program Files\Java\jdk1.8.0_201\jre\bin\msvcr100.dll
0x0000000077750000 - 0x0000000077ff4000 	C:\Program Files\Java\jdk1.8.0_201\jre\bin\server\jvm.dll
0x000007fefba60000 - 0x000007fefba69000 	C:\windows\system32\WSOCK32.dll
0x000007fefd8b0000 - 0x000007fefd8fd000 	C:\windows\system32\WS2_32.dll
0x000007fefd800000 - 0x000007fefd808000 	C:\windows\system32\NSI.dll
0x000007fefadb0000 - 0x000007fefadeb000 	C:\windows\system32\WINMM.dll
0x0000000077400000 - 0x0000000077407000 	C:\windows\system32\PSAPI.DLL
0x000007feef140000 - 0x000007feef14f000 	C:\Program Files\Java\jdk1.8.0_201\jre\bin\verify.dll
0x000007feec7f0000 - 0x000007feec819000 	C:\Program Files\Java\jdk1.8.0_201\jre\bin\java.dll
0x000007feec830000 - 0x000007feec846000 	C:\Program Files\Java\jdk1.8.0_201\jre\bin\zip.dll
0x000007fefd900000 - 0x000007fefe68a000 	C:\windows\system32\SHELL32.dll
0x000007fefd150000 - 0x000007fefd15f000 	C:\windows\system32\profapi.dll
0x000007feec7d0000 - 0x000007feec7ea000 	C:\Program Files\Java\jdk1.8.0_201\jre\bin\net.dll
0x000007feff100000 - 0x000007feff284000 	C:\windows\system32\urlmon.dll
0x000007fefd3b0000 - 0x000007fefd3e5000 	C:\windows\system32\XmlLite.dll
0x000007fefea80000 - 0x000007fefebaa000 	C:\windows\system32\WININET.dll
0x000007feff290000 - 0x000007feff4ef000 	C:\windows\system32\iertutil.dll
0x000007fefd200000 - 0x000007fefd36d000 	C:\windows\system32\CRYPT32.dll
0x000007fefd1f0000 - 0x000007fefd1ff000 	C:\windows\system32\MSASN1.dll
0x000007fefc8f0000 - 0x000007fefc945000 	C:\windows\system32\mswsock.dll
0x000007fefc8e0000 - 0x000007fefc8e7000 	C:\windows\System32\wship6.dll
0x000007feec7b0000 - 0x000007feec7c1000 	C:\Program Files\Java\jdk1.8.0_201\jre\bin\nio.dll
0x000007feece50000 - 0x000007feece6e000 	C:\Users\yy\.gradle\native\25\windows-amd64\native-platform.dll
0x000007fef9a20000 - 0x000007fef9a2d000 	C:\Program Files\Java\jdk1.8.0_201\jre\bin\management.dll
0x000007fefc950000 - 0x000007fefc968000 	C:\windows\system32\CRYPTSP.dll
0x000007fefc650000 - 0x000007fefc697000 	C:\windows\system32\rsaenh.dll
0x000007fefc410000 - 0x000007fefc42e000 	C:\windows\system32\USERENV.dll
0x000007fefcff0000 - 0x000007fefcfff000 	C:\windows\system32\CRYPTBASE.dll
0x000007fef9f70000 - 0x000007fef9f97000 	C:\windows\system32\IPHLPAPI.DLL
0x000007fef9f60000 - 0x000007fef9f6b000 	C:\windows\system32\WINNSI.DLL
0x000007fef98e0000 - 0x000007fef98f8000 	C:\windows\system32\dhcpcsvc.DLL
0x000007fef9750000 - 0x000007fef9761000 	C:\windows\system32\dhcpcsvc6.DLL
0x000007fefcf90000 - 0x000007fefcfe7000 	C:\windows\system32\apphelp.dll

VM Arguments:
jvm_args: -Xmx1536m -Dfile.encoding=GBK -Duser.country=CN -Duser.language=zh -Duser.variant 
java_command: org.gradle.launcher.daemon.bootstrap.GradleDaemon 4.10.1
java_class_path (initial): C:\Users\yy\.gradle\wrapper\dists\gradle-4.10.1-all\455itskqi2qtf0v2sja68alqd\gradle-4.10.1\lib\gradle-launcher-4.10.1.jar
Launcher Type: SUN_STANDARD

Environment Variables:
JAVA_HOME=C:\Program Files\Java\jdk1.8.0_201
PATH=C:\Program Files (x86)\Common Files\Oracle\Java\javapath;C:\windows\system32;C:\windows;C:\windows\System32\Wbem;C:\windows\System32\WindowsPowerShell\v1.0\;C:\Program Files\Microsoft\Web Platform Installer\;C:\Program Files (x86)\Windows Kits\8.0\Windows Performance Toolkit\;C:\Program Files\Microsoft SQL Server\110\Tools\Binn\;D:\runtime\win64;D:\bin;D:\polyspace\bin;d:\quartus\bin;C:\opencv\build\x64\vc14\bin;C:\Program Files\Microsoft SQL Server\110\DTS\Binn\;C:\Program Files (x86)\Microsoft SQL Server\110\Tools\Binn\;C:\Program Files (x86)\Microsoft SQL Server\110\Tools\Binn\ManagementStudio\;C:\Program Files (x86)\Microsoft Visual Studio 10.0\Common7\IDE\PrivateAssemblies\;C:\Program Files (x86)\Microsoft SQL Server\110\DTS\Binn\;C:\Program Files\MYSQL\MySQL Sever 5.6\bin;D:\opencv_3.1\build\x64\vc12\bin;C:\Program Files\Java\jdk1.8.0_201\bin;C:\Program Files\Java\jdk1.8.0_201\bin;E:\Git\cmd;C:\Users\yy\Anaconda2;C:\Users\yy\Anaconda2\Scripts;C:\Users\yy\Anaconda2\Library\bin;D:\opencv_3.1\build\x64\vc12\bin
USERNAME=yy
OS=Windows_NT
PROCESSOR_IDENTIFIER=Intel64 Family 6 Model 58 Stepping 9, GenuineIntel



---------------  S Y S T E M  ---------------

OS: Windows 7 , 64 bit Build 7601 (6.1.7601.24308)

CPU:total 4 (initial active 4) (2 cores per cpu, 2 threads per core) family 6 model 58 stepping 9, cmov, cx8, fxsr, mmx, sse, sse2, sse3, ssse3, sse4.1, sse4.2, popcnt, avx, clmul, erms, ht, tsc, tscinvbit, tscinv

Memory: 4k page, physical 1954040k(40768k free), swap 7816160k(5128k free)

vm_info: Java HotSpot(TM) 64-Bit Server VM (25.201-b09) for windows-amd64 JRE (1.8.0_201-b09), built on Dec 15 2018 18:36:39 by "java_re" with MS VC++ 10.0 (VS2010)

time: Tue Apr 16 20:19:52 2019
timezone: 中国标准时间
elapsed time: 115 seconds (0d 0h 1m 55s)

